<?xml version="1.0" encoding="UTF-8"?>
<coverage generated="1645153335863" clover="3.2.0">
  <project timestamp="1645153335863" name="All files">
    <metrics statements="9" coveredstatements="8" conditionals="0" coveredconditionals="0" methods="3" coveredmethods="2" elements="12" coveredelements="10" complexity="0" loc="9" ncloc="9" packages="1" files="4" classes="4"/>
    <file name="Employee.js" path="/Users/adampayne/Desktop/projects/challenge-10/lib/Employee.js">
      <metrics statements="4" coveredstatements="4" conditionals="0" coveredconditionals="0" methods="1" coveredmethods="1"/>
      <line num="3" count="2" type="stmt"/>
      <line num="4" count="2" type="stmt"/>
      <line num="5" count="2" type="stmt"/>
      <line num="13" count="2" type="stmt"/>
    </file>
    <file name="Engineer.js" path="/Users/adampayne/Desktop/projects/challenge-10/lib/Engineer.js">
      <metrics statements="0" coveredstatements="0" conditionals="0" coveredconditionals="0" methods="0" coveredmethods="0"/>
    </file>
    <file name="Intern.js" path="/Users/adampayne/Desktop/projects/challenge-10/lib/Intern.js">
      <metrics statements="0" coveredstatements="0" conditionals="0" coveredconditionals="0" methods="0" coveredmethods="0"/>
    </file>
    <file name="Manager.js" path="/Users/adampayne/Desktop/projects/challenge-10/lib/Manager.js">
      <metrics statements="5" coveredstatements="4" conditionals="0" coveredconditionals="0" methods="2" coveredmethods="1"/>
      <line num="1" count="1" type="stmt"/>
      <line num="7" count="1" type="stmt"/>
      <line num="9" count="1" type="stmt"/>
      <line num="14" count="0" type="stmt"/>
      <line num="18" count="1" type="stmt"/>
    </file>
  </project>
</coverage>
