TN:
SF:lib/Employee.js
FN:2,(anonymous_0)
FN:9,(anonymous_1)
FN:13,(anonymous_2)
FN:17,(anonymous_3)
FN:21,(anonymous_4)
FNF:5
FNH:5
FNDA:19,(anonymous_0)
FNDA:1,(anonymous_1)
FNDA:1,(anonymous_2)
FNDA:1,(anonymous_3)
FNDA:1,(anonymous_4)
DA:3,19
DA:4,19
DA:5,19
DA:6,19
DA:10,1
DA:14,1
DA:18,1
DA:22,1
DA:27,4
LF:9
LH:9
BRF:0
BRH:0
end_of_record
TN:
SF:lib/Engineer.js
FN:6,(anonymous_0)
FNF:1
FNH:1
FNDA:5,(anonymous_0)
DA:1,1
DA:7,5
DA:9,5
DA:13,1
LF:4
LH:4
BRF:0
BRH:0
end_of_record
TN:
SF:lib/Intern.js
FN:6,(anonymous_0)
FN:13,(anonymous_1)
FNF:2
FNH:1
FNDA:5,(anonymous_0)
FNDA:0,(anonymous_1)
DA:1,1
DA:7,5
DA:9,5
DA:14,0
DA:18,1
LF:5
LH:4
BRF:0
BRH:0
end_of_record
TN:
SF:lib/Manager.js
FN:6,(anonymous_0)
FNF:1
FNH:1
FNDA:5,(anonymous_0)
DA:1,1
DA:7,5
DA:9,5
DA:14,1
LF:4
LH:4
BRF:0
BRH:0
end_of_record
